<?xml version="1.0" encoding="UTF-8"?>
<testng-results ignored="0" total="5" passed="5" failed="0" skipped="0">
  <reporter-output>
  </reporter-output>
  <suite started-at="2025-03-19T12:02:04 IST" name="CrossBrowserSuite" finished-at="2025-03-19T12:04:52 IST" duration-ms="168196">
    <groups>
      <group name="cucumber">
        <method signature="AbstractTestNGCucumberTests.runScenario(io.cucumber.testng.PickleWrapper,io.cucumber.testng.FeatureWrapper)[pri:0, instance:runner.TestRunner@3fc2959f]" name="runScenario" class="io.cucumber.testng.AbstractTestNGCucumberTests"/>
      </group> <!-- cucumber -->
    </groups>
    <test started-at="2025-03-19T12:02:04 IST" name="ChromeTest" finished-at="2025-03-19T12:04:52 IST" duration-ms="168196">
      <class name="runner.TestRunner">
        <test-method is-config="true" signature="setUp(java.lang.String)[pri:0, instance:runner.TestRunner@3fc2959f]" started-at="2025-03-19T12:02:04 IST" name="setUp" finished-at="2025-03-19T12:02:10 IST" duration-ms="6212" status="PASS">
          <params>
            <param index="0">
              <value>
                <![CDATA[chrome]]>
              </value>
            </param>
          </params>
          <reporter-output>
          </reporter-output>
        </test-method> <!-- setUp -->
        <test-method is-config="true" signature="setUpClass(org.testng.ITestContext)[pri:0, instance:runner.TestRunner@3fc2959f]" started-at="2025-03-19T12:02:10 IST" name="setUpClass" finished-at="2025-03-19T12:02:12 IST" duration-ms="1913" status="PASS">
          <params>
            <param index="0">
              <value>
                <![CDATA[org.testng.TestRunner@6401188a]]>
              </value>
            </param>
          </params>
          <reporter-output>
          </reporter-output>
        </test-method> <!-- setUpClass -->
        <test-method signature="runScenario(io.cucumber.testng.PickleWrapper,io.cucumber.testng.FeatureWrapper)[pri:0, instance:runner.TestRunner@3fc2959f]" started-at="2025-03-19T12:02:12 IST" name="runScenario" description="Runs Cucumber Scenarios" data-provider="scenarios" finished-at="2025-03-19T12:02:25 IST" duration-ms="12376" status="PASS">
          <params>
            <param index="0">
              <value>
                <![CDATA["User searches for a product"]]>
              </value>
            </param>
            <param index="1">
              <value>
                <![CDATA["HomePage Search Functionality"]]>
              </value>
            </param>
          </params>
          <reporter-output>
          </reporter-output>
        </test-method> <!-- runScenario -->
        <test-method signature="runScenario(io.cucumber.testng.PickleWrapper,io.cucumber.testng.FeatureWrapper)[pri:0, instance:runner.TestRunner@3fc2959f]" started-at="2025-03-19T12:02:25 IST" name="runScenario" description="Runs Cucumber Scenarios" data-provider="scenarios" finished-at="2025-03-19T12:02:57 IST" duration-ms="32351" status="PASS">
          <params>
            <param index="0">
              <value>
                <![CDATA["Automate searching for products, filtering results by Discounts, price, and Language"]]>
              </value>
            </param>
            <param index="1">
              <value>
                <![CDATA["Search Functionality"]]>
              </value>
            </param>
          </params>
          <reporter-output>
          </reporter-output>
        </test-method> <!-- runScenario -->
        <test-method signature="runScenario(io.cucumber.testng.PickleWrapper,io.cucumber.testng.FeatureWrapper)[pri:0, instance:runner.TestRunner@3fc2959f]" started-at="2025-03-19T12:02:57 IST" name="runScenario" description="Runs Cucumber Scenarios" data-provider="scenarios" finished-at="2025-03-19T12:03:41 IST" duration-ms="44325" status="PASS">
          <params>
            <param index="0">
              <value>
                <![CDATA["Validate the product title, description, price, images, and availability"]]>
              </value>
            </param>
            <param index="1">
              <value>
                <![CDATA["Product Details Page"]]>
              </value>
            </param>
          </params>
          <reporter-output>
          </reporter-output>
        </test-method> <!-- runScenario -->
        <test-method signature="runScenario(io.cucumber.testng.PickleWrapper,io.cucumber.testng.FeatureWrapper)[pri:0, instance:runner.TestRunner@3fc2959f]" started-at="2025-03-19T12:03:41 IST" name="runScenario" description="Runs Cucumber Scenarios" data-provider="scenarios" finished-at="2025-03-19T12:04:19 IST" duration-ms="37700" status="PASS">
          <params>
            <param index="0">
              <value>
                <![CDATA["Automate adding items to the cart, removing them, updating quantities, and proceeding to checkout"]]>
              </value>
            </param>
            <param index="1">
              <value>
                <![CDATA["Shopping cart Page"]]>
              </value>
            </param>
          </params>
          <reporter-output>
          </reporter-output>
        </test-method> <!-- runScenario -->
        <test-method signature="runScenario(io.cucumber.testng.PickleWrapper,io.cucumber.testng.FeatureWrapper)[pri:0, instance:runner.TestRunner@3fc2959f]" started-at="2025-03-19T12:04:19 IST" name="runScenario" description="Runs Cucumber Scenarios" data-provider="scenarios" finished-at="2025-03-19T12:04:49 IST" duration-ms="30370" status="PASS">
          <params>
            <param index="0">
              <value>
                <![CDATA["Automate the user registration process, login, and change password"]]>
              </value>
            </param>
            <param index="1">
              <value>
                <![CDATA["User Registration and Login"]]>
              </value>
            </param>
          </params>
          <reporter-output>
          </reporter-output>
        </test-method> <!-- runScenario -->
        <test-method is-config="true" signature="tearDownClass()[pri:0, instance:runner.TestRunner@3fc2959f]" started-at="2025-03-19T12:04:49 IST" name="tearDownClass" finished-at="2025-03-19T12:04:52 IST" duration-ms="2359" status="PASS">
          <reporter-output>
          </reporter-output>
        </test-method> <!-- tearDownClass -->
        <test-method is-config="true" signature="tearDown()[pri:0, instance:runner.TestRunner@3fc2959f]" started-at="2025-03-19T12:04:52 IST" name="tearDown" finished-at="2025-03-19T12:04:52 IST" duration-ms="444" status="PASS">
          <reporter-output>
          </reporter-output>
        </test-method> <!-- tearDown -->
      </class> <!-- runner.TestRunner -->
    </test> <!-- ChromeTest -->
  </suite> <!-- CrossBrowserSuite -->
</testng-results>
